<?xml version="1.0" encoding="UTF-8"?>
<!-- Generated by org.testng.reporters.JUnitReportReporter -->
<testsuite skipped="0" hostname="DESKTOP-35O655N" name="mavendemo.demotest.ArithmeticOperationsTest" tests="1" failures="0" timestamp="2020-06-06T22:14:53 IST" time="0.013" errors="0">
  <testcase name="shouldAnswerWithTrue" time="0.013" classname="mavendemo.demotest.ArithmeticOperationsTest"/>
  <system-out/>
</testsuite> <!-- mavendemo.demotest.ArithmeticOperationsTest -->
