<?xml version="1.0" encoding="UTF-8"?>
<!-- Generated by org.testng.reporters.JUnitReportReporter -->
<testsuite skipped="0" hostname="DESKTOP-35O655N" name="mavendemo.demotest.AppTest" tests="2" failures="0" timestamp="2020-06-08T14:22:14 IST" time="0.075" errors="0">
  <testcase name="test2" time="0.003" classname="mavendemo.demotest.AppTest"/>
  <system-out/>
  <testcase name="test1" time="0.072" classname="mavendemo.demotest.AppTest"/>
  <system-out/>
</testsuite> <!-- mavendemo.demotest.AppTest -->
